yuque-dl [ERROR]: 《4.技术设计/性能测试/二轮接口性能测试/集群概览、节点管理和操作审计压测/index.md》: https://taichu-mp.yuque.com/dcoqry/dtpup9/rb4g08nr0mhszitb

yuque-dl [ERROR]: ———— ✕ download article Error: "表格类型"导出失败 Export timeout

yuque-dl [ERROR]: 《4.技术设计/性能测试/二轮接口性能测试/监控运维压测/index.md》: https://taichu-mp.yuque.com/dcoqry/dtpup9/zomvayc78qgecrzh

yuque-dl [ERROR]: ———— ✕ download article Error: "表格类型"导出失败 Export timeout

yuque-dl [ERROR]: 《4.技术设计/性能测试/二轮接口性能测试/自定义建模&开发调试/index.md》: https://taichu-mp.yuque.com/dcoqry/dtpup9/czva4grp7kvb8n94

yuque-dl [ERROR]: ———— ✕ download article Error: "表格类型"导出失败 Export timeout

yuque-dl [ERROR]: 《4.技术设计/性能测试/二轮接口性能测试/用户、租户压测/index.md》: https://taichu-mp.yuque.com/dcoqry/dtpup9/nhhq88uy78rt7t12

yuque-dl [ERROR]: ———— ✕ download article Error: "表格类型"导出失败 Export timeout

yuque-dl [ERROR]: 《4.技术设计/性能测试/基础设施服务性能测试/kubecube压测/index.md》: https://taichu-mp.yuque.com/dcoqry/dtpup9/bnrbe2udzor9ec2g

yuque-dl [ERROR]: ———— ✕ download article Error: "表格类型"导出失败 Export timeout

yuque-dl [ERROR]: 《4.技术设计/性能测试/基础设施服务性能测试/监控压测/index.md》: https://taichu-mp.yuque.com/dcoqry/dtpup9/yx6ha4uwssk9vv7y

yuque-dl [ERROR]: ———— ✕ download article Error: "表格类型"导出失败 Export timeout

yuque-dl [ERROR]: 《4.技术设计/性能测试/基础设施服务性能测试/存储压测/index.md》: https://taichu-mp.yuque.com/dcoqry/dtpup9/ib0yccmukpgkd4uv

yuque-dl [ERROR]: ———— ✕ download article Error: "表格类型"导出失败 Export timeout

yuque-dl [ERROR]: 《4.技术设计/性能测试/基础设施服务性能测试/Harbor压测/index.md》: https://taichu-mp.yuque.com/dcoqry/dtpup9/zw7mrn3b0keqe26h

yuque-dl [ERROR]: ———— ✕ download article Error: "表格类型"导出失败 Export timeout

yuque-dl [ERROR]: 《4.技术设计/性能测试/基础设施服务性能测试/ETCD压测/index.md》: https://taichu-mp.yuque.com/dcoqry/dtpup9/una1gzruakxgu75p

yuque-dl [ERROR]: ———— ✕ download article Error: "表格类型"导出失败 Export timeout

yuque-dl [ERROR]: 《4.技术设计/延安环境性能测试/推理/接口性能测试.md》: https://taichu-mp.yuque.com/dcoqry/dtpup9/zds3y7v1c2s75e0u

yuque-dl [ERROR]: ———— ✕ download article Error: "表格类型"导出失败 Export timeout

yuque-dl [ERROR]: 《4.技术设计/故障排查/无锡超算交付问题.md》: https://taichu-mp.yuque.com/dcoqry/dtpup9/egh8mkfmf9s6gocm

yuque-dl [ERROR]: ———— ✕ download article Error: "表格类型"导出失败 Export timeout

yuque-dl [ERROR]: 《11.测试设计&用例/v1.9.0版本测试用例/推理服务优化V1.1.0测试用例/index.md》: https://taichu-mp.yuque.com/dcoqry/dtpup9/qhtrai7vglqx2cti

yuque-dl [ERROR]: ———— ✕ download article Error: "表格类型"导出失败 Export timeout

yuque-dl [ERROR]: 《11.测试设计&用例/v1.9.0版本测试用例/k8s统一调度模块v1.1测试用例/index.md》: https://taichu-mp.yuque.com/dcoqry/dtpup9/vgwd8cf4qqiynwzg

yuque-dl [ERROR]: ———— ✕ download article Error: "表格类型"导出失败 Export timeout

yuque-dl [ERROR]: 《11.测试设计&用例/v1.9.0版本测试用例/开发调试优化测试用例/index.md》: https://taichu-mp.yuque.com/dcoqry/dtpup9/dhb5pgqyf2obv6s4

yuque-dl [ERROR]: ———— ✕ download article Error: "表格类型"导出失败 Export timeout

yuque-dl [ERROR]: 《11.测试设计&用例/V1.8.0版本测试用例/业务-租户体系优化测试用例/index.md》: https://taichu-mp.yuque.com/dcoqry/dtpup9/bwsc75qu2unpn1t9

yuque-dl [ERROR]: ———— ✕ download article Error: "表格类型"导出失败 Export timeout

yuque-dl [ERROR]: 《11.测试设计&用例/V1.5.0版本测试用例/裸金属服务器/裸金属服务器测试用例.md》: https://taichu-mp.yuque.com/dcoqry/dtpup9/unef0hstwzbygba8

yuque-dl [ERROR]: ———— ✕ download article Error: "表格类型"导出失败 Export timeout

yuque-dl [ERROR]: 《11.测试设计&用例/V1.4.0版本测试用例/断点续训.md》: https://taichu-mp.yuque.com/dcoqry/dtpup9/gqimncr8bmsyney1

yuque-dl [ERROR]: ———— ✕ download article Error: "表格类型"导出失败 Export timeout

yuque-dl [ERROR]: 《11.测试设计&用例/V1.4.0版本测试用例/模型中心&数据中心.md》: https://taichu-mp.yuque.com/dcoqry/dtpup9/gp62155oumeckhud

yuque-dl [ERROR]: ———— ✕ download article Error: "表格类型"导出失败 Export timeout

yuque-dl [ERROR]: 《11.测试设计&用例/V1.3.0版本测试用例/训练任务优化.md》: https://taichu-mp.yuque.com/dcoqry/dtpup9/xi84vgul3et8mr0l

yuque-dl [ERROR]: ———— ✕ download article Error: "表格类型"导出失败 Export timeout

yuque-dl [ERROR]: 《11.测试设计&用例/V1.3.0版本测试用例/节点管理优化.md》: https://taichu-mp.yuque.com/dcoqry/dtpup9/vm2s8wy7g31albie

yuque-dl [ERROR]: ———— ✕ download article Error: "表格类型"导出失败 Export timeout

yuque-dl [ERROR]: 《11.测试设计&用例/v1.1.0版本测试用例/节点管理/index.md》: https://taichu-mp.yuque.com/dcoqry/dtpup9/wogk06aro7310wdw

yuque-dl [ERROR]: ———— ✕ download article Error: "表格类型"导出失败 Export timeout

yuque-dl [ERROR]: 《11.测试设计&用例/24年1季度模块测试/事件监控/事件监控测试用例.md》: https://taichu-mp.yuque.com/dcoqry/dtpup9/ptqpfkol5ly4rspz

yuque-dl [ERROR]: ———— ✕ download article Error: "表格类型"导出失败 Export timeout

yuque-dl [ERROR]: 《11.测试设计&用例/无锡超算测试模块/模型推理--超算/index.md》: https://taichu-mp.yuque.com/dcoqry/dtpup9/glq0gab58ddceha3

yuque-dl [ERROR]: ———— ✕ download article Error: "表格类型"导出失败 Export timeout

yuque-dl [ERROR]: 《11.测试设计&用例/2023.12测试用例/AI开放平台/进程优先级设定及进程管理功能测试用例.md》: https://taichu-mp.yuque.com/dcoqry/dtpup9/rgswowhedfqr64

yuque-dl [ERROR]: ———— ✕ download article Error: "表格类型"导出失败 Export timeout

yuque-dl [ERROR]: 《11.测试设计&用例/2023.12测试用例/AI开放平台/模型开发调试(功能优化).md》: https://taichu-mp.yuque.com/dcoqry/dtpup9/qbqpl9c16c5ongeo

yuque-dl [ERROR]: ———— ✕ download article Error: "表格类型"导出失败 Export timeout

yuque-dl [ERROR]: 《11.测试设计&用例/2023.09测试用例执行结果/AI开放平台/模型推理V0.9.0/index.md》: https://taichu-mp.yuque.com/dcoqry/dtpup9/gd406nr6tgymg30s

yuque-dl [ERROR]: ———— ✕ download article Error: "表格类型"导出失败 Export timeout

yuque-dl [ERROR]: 《11.测试设计&用例/2023.09测试用例执行结果/AI开放平台/开发调试V0.9.0.md》: https://taichu-mp.yuque.com/dcoqry/dtpup9/edlssolp1lorgb3d

yuque-dl [ERROR]: ———— ✕ download article Error: "表格类型"导出失败 Export timeout

yuque-dl [ERROR]: 《11.测试设计&用例/2023.09测试用例执行结果/AI开放平台/训练任务V0.9.0/index.md》: https://taichu-mp.yuque.com/dcoqry/dtpup9/hcms4ru0orgs0r8h

yuque-dl [ERROR]: ———— ✕ download article Error: "表格类型"导出失败 Export timeout

yuque-dl [ERROR]: 《11.测试设计&用例/2023.09测试用例执行结果/算力管理平台/监控告警V0.9.0.md》: https://taichu-mp.yuque.com/dcoqry/dtpup9/ly3aho924x0luqfc

yuque-dl [ERROR]: ———— ✕ download article Error: "表格类型"导出失败 Export timeout

yuque-dl [ERROR]: 《算力平台专项/POC体验中心优化进展.md》: https://taichu-mp.yuque.com/dcoqry/homovd/vs14ffax68sbv23k

yuque-dl [ERROR]: ———— ✕ download article Error: "表格类型"导出失败 Export timeout

yuque-dl [ERROR]: 《延安项目部署问题集/延安环境部署升级计划/v1.3.5版本升级.md》: https://taichu-mp.yuque.com/dcoqry/homovd/nafbbk2laa6zudhw

yuque-dl [ERROR]: ———— ✕ download article Error: "表格类型"导出失败 Export timeout

yuque-dl [ERROR]: 《延安项目部署问题集/延安环境自测计划/流程测试汇总/开发调试、自定义建模流程测试/开发调试用例.md》: https://taichu-mp.yuque.com/dcoqry/homovd/qwcwqk17hwikrat5

yuque-dl [ERROR]: ———— ✕ download article Error: "表格类型"导出失败 Export timeout

yuque-dl [ERROR]: 《硬件产品文档/产品roadmap.md》: https://taichu-mp.yuque.com/dcoqry/ld2282/hvl715rilg2sigwc

yuque-dl [ERROR]: ———— ✕ download article Error: "表格类型"导出失败 Export timeout

yuque-dl [ERROR]: 《1.需求管理/1.3用户管理系统/用户管理系统l2023.09.md》: https://taichu-mp.yuque.com/dcoqry/project_doc/sgncbh382tb44ucg

yuque-dl [ERROR]: ———— ✕ download article Error: "表格类型"导出失败 Export timeout

yuque-dl [ERROR]: 《3.版本管理/3.3版本计划/2023.09/V0.9版本遗留问题.md》: https://taichu-mp.yuque.com/dcoqry/project_doc/on3zg0e659uzl5ds

yuque-dl [ERROR]: ———— ✕ download article Error: "表格类型"导出失败 Export timeout

yuque-dl [ERROR]: 《7.专题专项/售后选型.md》: https://taichu-mp.yuque.com/dcoqry/project_doc/mgm51qk3ggim3v5g

yuque-dl [ERROR]: ———— ✕ download article Error: "表格类型"导出失败 Export timeout